<?xml version="1.0" encoding="UTF-8"?>
<testsuite xmlns:xsi="http://www.w3.org/2001/XMLSchema-instance" xsi:noNamespaceSchemaLocation="https://maven.apache.org/surefire/maven-surefire-plugin/xsd/surefire-test-report-3.0.xsd" version="3.0" name="com.example.cloudsql.TestIndexServletPostgres(sponge_log)" time="0.371" tests="2" errors="1" skipped="0" failures="1">
  <properties>
[...]
</properties>
  <testcase name="" classname="com.example.cloudsql.TestIndexServletPostgres(sponge_log)" time="0.355">
    <failure message="Environment variable &apos;PG_USER&apos; must be set to perform these tests.&#10;value of: getenv(...)&#10;expected nonempty string&#10;but was : null" type="Environment variable &apos;PG_USER&apos; must be set to perform these tests.&#10;value of"><![CDATA[Environment variable 'PG_USER' must be set to perform these tests.
value of: getenv(...)
expected nonempty string
but was : null
	at com.example.cloudsql.TestIndexServletPostgres.lambda$checkEnvVars$0(TestIndexServletPostgres.java:57)
	at java.base/java.util.Arrays$ArrayList.forEach(Arrays.java:4390)
	at com.example.cloudsql.TestIndexServletPostgres.checkEnvVars(TestIndexServletPostgres.java:54)
	at com.example.cloudsql.TestIndexServletPostgres.createPool(TestIndexServletPostgres.java:80)
]]></failure>
  </testcase>
  <testcase name="" classname="com.example.cloudsql.TestIndexServletPostgres(sponge_log)" time="0.356">
    <error type="java.lang.NullPointerException"><![CDATA[java.lang.NullPointerException
	at com.example.cloudsql.TestIndexServletPostgres.dropTable(TestIndexServletPostgres.java:96)
	at java.base/jdk.internal.reflect.NativeMethodAccessorImpl.invoke0(Native Method)
	at java.base/jdk.internal.reflect.NativeMethodAccessorImpl.invoke(NativeMethodAccessorImpl.java:62)
	at java.base/jdk.internal.reflect.DelegatingMethodAccessorImpl.invoke(DelegatingMethodAccessorImpl.java:43)
	at java.base/java.lang.reflect.Method.invoke(Method.java:566)
	at org.junit.runners.model.FrameworkMethod$1.runReflectiveCall(FrameworkMethod.java:59)
	at org.junit.internal.runners.model.ReflectiveCallable.run(ReflectiveCallable.java:12)
	at org.junit.runners.model.FrameworkMethod.invokeExplosively(FrameworkMethod.java:56)
	at org.junit.internal.runners.statements.RunAfters.invokeMethod(RunAfters.java:46)
	at org.junit.internal.runners.statements.RunAfters.evaluate(RunAfters.java:33)
	at org.junit.runners.ParentRunner$3.evaluate(ParentRunner.java:306)
	at org.junit.runners.ParentRunner.run(ParentRunner.java:413)
	at org.apache.maven.surefire.junit4.JUnit4Provider.execute(JUnit4Provider.java:364)
	at org.apache.maven.surefire.junit4.JUnit4Provider.executeWithRerun(JUnit4Provider.java:272)
	at org.apache.maven.surefire.junit4.JUnit4Provider.executeTestSet(JUnit4Provider.java:237)
	at org.apache.maven.surefire.junit4.JUnit4Provider.invoke(JUnit4Provider.java:158)
	at org.apache.maven.surefire.booter.ForkedBooter.runSuitesInProcess(ForkedBooter.java:428)
	at org.apache.maven.surefire.booter.ForkedBooter.execute(ForkedBooter.java:162)
	at org.apache.maven.surefire.booter.ForkedBooter.run(ForkedBooter.java:562)
	at org.apache.maven.surefire.booter.ForkedBooter.main(ForkedBooter.java:548)
]]></error>
  </testcase>
</testsuite>